<?xml version="1.0" encoding="UTF-8"?>
<testsuite xmlns:xsi="http://www.w3.org/2001/XMLSchema-instance" xsi:noNamespaceSchemaLocation="https://maven.apache.org/surefire/maven-surefire-plugin/xsd/surefire-test-report.xsd" name="CorretorTeste" time="0.131" tests="13" errors="3" skipped="0" failures="2">
  <properties>
    <property name="java.specification.version" value="17"/>
    <property name="sun.jnu.encoding" value="UTF-8"/>
    <property name="java.class.path" value="/home/ricardo/NetBeansProjects/model/target/test-classes:/home/ricardo/NetBeansProjects/model/target/classes:/home/ricardo/.m2/repository/org/junit/jupiter/junit-jupiter-engine/5.9.1/junit-jupiter-engine-5.9.1.jar:/home/ricardo/.m2/repository/org/junit/platform/junit-platform-engine/1.9.1/junit-platform-engine-1.9.1.jar:/home/ricardo/.m2/repository/org/opentest4j/opentest4j/1.2.0/opentest4j-1.2.0.jar:/home/ricardo/.m2/repository/org/junit/platform/junit-platform-commons/1.9.1/junit-platform-commons-1.9.1.jar:/home/ricardo/.m2/repository/org/junit/jupiter/junit-jupiter-api/5.9.1/junit-jupiter-api-5.9.1.jar:/home/ricardo/.m2/repository/org/apiguardian/apiguardian-api/1.1.2/apiguardian-api-1.1.2.jar:"/>
    <property name="java.vm.vendor" value="Private Build"/>
    <property name="sun.arch.data.model" value="64"/>
    <property name="java.vendor.url" value="Unknown"/>
    <property name="os.name" value="Linux"/>
    <property name="java.vm.specification.version" value="17"/>
    <property name="sun.java.launcher" value="SUN_STANDARD"/>
    <property name="user.country" value="BR"/>
    <property name="sun.boot.library.path" value="/usr/lib/jvm/java-17-openjdk-amd64/lib"/>
    <property name="sun.java.command" value="/home/ricardo/NetBeansProjects/model/target/surefire/surefirebooter10780087303429259189.jar /home/ricardo/NetBeansProjects/model/target/surefire 2023-05-24T16-14-25_310-jvmRun1 surefire17405028333028105396tmp surefire_014985985101060405064tmp"/>
    <property name="jdk.debug" value="release"/>
    <property name="test" value="CorretorTeste"/>
    <property name="surefire.test.class.path" value="/home/ricardo/NetBeansProjects/model/target/test-classes:/home/ricardo/NetBeansProjects/model/target/classes:/home/ricardo/.m2/repository/org/junit/jupiter/junit-jupiter-engine/5.9.1/junit-jupiter-engine-5.9.1.jar:/home/ricardo/.m2/repository/org/junit/platform/junit-platform-engine/1.9.1/junit-platform-engine-1.9.1.jar:/home/ricardo/.m2/repository/org/opentest4j/opentest4j/1.2.0/opentest4j-1.2.0.jar:/home/ricardo/.m2/repository/org/junit/platform/junit-platform-commons/1.9.1/junit-platform-commons-1.9.1.jar:/home/ricardo/.m2/repository/org/junit/jupiter/junit-jupiter-api/5.9.1/junit-jupiter-api-5.9.1.jar:/home/ricardo/.m2/repository/org/apiguardian/apiguardian-api/1.1.2/apiguardian-api-1.1.2.jar:"/>
    <property name="sun.cpu.endian" value="little"/>
    <property name="user.home" value="/home/ricardo"/>
    <property name="user.language" value="pt"/>
    <property name="java.specification.vendor" value="Oracle Corporation"/>
    <property name="java.version.date" value="2023-04-18"/>
    <property name="java.home" value="/usr/lib/jvm/java-17-openjdk-amd64"/>
    <property name="file.separator" value="/"/>
    <property name="basedir" value="/home/ricardo/NetBeansProjects/model"/>
    <property name="java.vm.compressedOopsMode" value="Zero based"/>
    <property name="line.separator" value="&#10;"/>
    <property name="java.vm.specification.vendor" value="Oracle Corporation"/>
    <property name="java.specification.name" value="Java Platform API Specification"/>
    <property name="surefire.real.class.path" value="/home/ricardo/NetBeansProjects/model/target/surefire/surefirebooter10780087303429259189.jar"/>
    <property name="sun.management.compiler" value="HotSpot 64-Bit Tiered Compilers"/>
    <property name="java.runtime.version" value="17.0.7+7-Ubuntu-0ubuntu122.04.2"/>
    <property name="user.name" value="ricardo"/>
    <property name="path.separator" value=":"/>
    <property name="os.version" value="5.19.0-41-generic"/>
    <property name="java.runtime.name" value="OpenJDK Runtime Environment"/>
    <property name="file.encoding" value="UTF-8"/>
    <property name="java.vm.name" value="OpenJDK 64-Bit Server VM"/>
    <property name="maven.ext.class.path" value="/snap/netbeans/76/netbeans/java/maven-nblib/netbeans-eventspy.jar"/>
    <property name="localRepository" value="/home/ricardo/.m2/repository"/>
    <property name="java.vendor.url.bug" value="Unknown"/>
    <property name="java.io.tmpdir" value="/tmp"/>
    <property name="java.version" value="17.0.7"/>
    <property name="user.dir" value="/home/ricardo/NetBeansProjects/model"/>
    <property name="os.arch" value="amd64"/>
    <property name="java.vm.specification.name" value="Java Virtual Machine Specification"/>
    <property name="native.encoding" value="UTF-8"/>
    <property name="java.library.path" value="/usr/java/packages/lib:/usr/lib/x86_64-linux-gnu/jni:/lib/x86_64-linux-gnu:/usr/lib/x86_64-linux-gnu:/usr/lib/jni:/lib:/usr/lib"/>
    <property name="java.vm.info" value="mixed mode, sharing"/>
    <property name="java.vendor" value="Private Build"/>
    <property name="java.vm.version" value="17.0.7+7-Ubuntu-0ubuntu122.04.2"/>
    <property name="sun.io.unicode.encoding" value="UnicodeLittle"/>
    <property name="java.class.version" value="61.0"/>
  </properties>
  <testcase name="SalarioTeste2" classname="CorretorTeste" time="0.037"/>
  <testcase name="ValorVendidoTeste2" classname="CorretorTeste" time="0.001"/>
  <testcase name="ValorVendidoTeste3" classname="CorretorTeste" time="0.002"/>
  <testcase name="dataContratacaoTest" classname="CorretorTeste" time="0.018"/>
  <testcase name="RelatorioTeste" classname="CorretorTeste" time="0.037">
    <failure message="expected: &lt;&gt; but was: &lt;[Corretor{Nome: Fulano, Data de Contratação: 2023-04-22, Salário: 2000.0, Vendas Do Mês: 100000.0, Comissão: 12000.0}, Corretor{Nome: Beltrano, Data de Contratação: 1999-03-30, Salário: 5000.0, Vendas Do Mês: 45400.0, Comissão: 4313.0}, Corretor{Nome: Ciclano, Data de Contratação: 2018-01-10, Salário: 6000.0, Vendas Do Mês: 15000.0, Comissão: 1050.0}] Total de Vendas: 160400.0&gt;" type="org.opentest4j.AssertionFailedError"><![CDATA[org.opentest4j.AssertionFailedError: expected: <> but was: <[Corretor{Nome: Fulano, Data de Contratação: 2023-04-22, Salário: 2000.0, Vendas Do Mês: 100000.0, Comissão: 12000.0}, Corretor{Nome: Beltrano, Data de Contratação: 1999-03-30, Salário: 5000.0, Vendas Do Mês: 45400.0, Comissão: 4313.0}, Corretor{Nome: Ciclano, Data de Contratação: 2018-01-10, Salário: 6000.0, Vendas Do Mês: 15000.0, Comissão: 1050.0}] Total de Vendas: 160400.0>
	at CorretorTeste.RelatorioTeste(CorretorTeste.java:124)
]]></failure>
  </testcase>
  <testcase name="dataContratacaoTest2" classname="CorretorTeste" time="0.001"/>
  <testcase name="SalarioTeste" classname="CorretorTeste" time="0.002">
    <error message="O salário não dever ser menor que 1000!" type="java.lang.IllegalArgumentException">java.lang.IllegalArgumentException: O salário não dever ser menor que 1000!
	at CorretorTeste.SalarioTeste(CorretorTeste.java:45)
</error>
  </testcase>
  <testcase name="ValorVendidoTeste" classname="CorretorTeste" time="0.002">
    <error message="O valor da venda não pode ser negativo!" type="java.lang.IllegalArgumentException">java.lang.IllegalArgumentException: O valor da venda não pode ser negativo!
	at CorretorTeste.ValorVendidoTeste(CorretorTeste.java:57)
</error>
  </testcase>
  <testcase name="ComissaoTeste2" classname="CorretorTeste" time="0.001"/>
  <testcase name="ComissaoTeste3" classname="CorretorTeste" time="0"/>
  <testcase name="NomeTeste2" classname="CorretorTeste" time="0.001"/>
  <testcase name="ComissaoTeste" classname="CorretorTeste" time="0.002">
    <failure message="expected: &lt;80.0&gt; but was: &lt;70.0&gt;" type="org.opentest4j.AssertionFailedError"><![CDATA[org.opentest4j.AssertionFailedError: expected: <80.0> but was: <70.0>
	at CorretorTeste.ComissaoTeste(CorretorTeste.java:80)
]]></failure>
  </testcase>
  <testcase name="NomeTeste" classname="CorretorTeste" time="0.001">
    <error message="O nome deve ter 3 ou mais letras!" type="java.lang.IllegalArgumentException">java.lang.IllegalArgumentException: O nome deve ter 3 ou mais letras!
	at CorretorTeste.NomeTeste(CorretorTeste.java:19)
</error>
  </testcase>
</testsuite>