<?xml version="1.0" encoding="UTF-8"?>
<testsuite xmlns:xsi="http://www.w3.org/2001/XMLSchema-instance" xsi:noNamespaceSchemaLocation="https://maven.apache.org/surefire/maven-surefire-plugin/xsd/surefire-test-report.xsd" name="Exercio02Teste" time="0.067" tests="9" errors="0" skipped="0" failures="0">
  <properties>
[...]
</properties>
  <testcase name="CadastrarAlunoTest" classname="Exercio02Teste" time="0.031"/>
  <testcase name="CondicaoAluno" classname="Exercio02Teste" time="0.001"/>
  <testcase name="CadastrarAlunoTest2" classname="Exercio02Teste" time="0.002"/>
  <testcase name="CadastrarAlunoTest3" classname="Exercio02Teste" time="0.001"/>
  <testcase name="MediaAlunoTeste2" classname="Exercio02Teste" time="0.001"/>
  <testcase name="MediaAlunoTeste3" classname="Exercio02Teste" time="0.001"/>
  <testcase name="CondicaoAluno2" classname="Exercio02Teste" time="0.001"/>
  <testcase name="CondicaoAluno3" classname="Exercio02Teste" time="0.001"/>
  <testcase name="MediaAlunoTeste" classname="Exercio02Teste" time="0.001"/>
</testsuite>