<?xml version="1.0" encoding="UTF-8"?>
<testsuite xmlns:xsi="http://www.w3.org/2001/XMLSchema-instance" xsi:noNamespaceSchemaLocation="https://maven.apache.org/surefire/maven-surefire-plugin/xsd/surefire-test-report.xsd" name="Exercicio01Teste" time="0.085" tests="14" errors="0" skipped="0" failures="0">
  <properties>
[...]
</properties>
  <testcase name="TestDesconto2" classname="Exercicio01Teste" time="0.037"/>
  <testcase name="TestDesconto3" classname="Exercicio01Teste" time="0.001"/>
  <testcase name="TestDobro2" classname="Exercicio01Teste" time="0.001"/>
  <testcase name="TestDobro3" classname="Exercicio01Teste" time="0.002"/>
  <testcase name="TestDobro4" classname="Exercicio01Teste" time="0.002"/>
  <testcase name="TestDobro5" classname="Exercicio01Teste" time="0.002"/>
  <testcase name="TestMaior2" classname="Exercicio01Teste" time="0.001"/>
  <testcase name="TestMaior3" classname="Exercicio01Teste" time="0.002"/>
  <testcase name="TesteArea2" classname="Exercicio01Teste" time="0.001"/>
  <testcase name="TesteArea3" classname="Exercicio01Teste" time="0.001"/>
  <testcase name="TestDobro" classname="Exercicio01Teste" time="0.001"/>
  <testcase name="TestMaior" classname="Exercicio01Teste" time="0.002"/>
  <testcase name="TesteArea" classname="Exercicio01Teste" time="0.001"/>
  <testcase name="TestDesconto" classname="Exercicio01Teste" time="0.001"/>
</testsuite>