<?xml version="1.0" encoding="UTF-8"?>
<testsuite xmlns:xsi="http://www.w3.org/2001/XMLSchema-instance" xsi:noNamespaceSchemaLocation="https://maven.apache.org/surefire/maven-surefire-plugin/xsd/surefire-test-report.xsd" name="CorretorTeste" time="0.131" tests="13" errors="3" skipped="0" failures="2">
  <properties>
[...]
</properties>
  <testcase name="SalarioTeste2" classname="CorretorTeste" time="0.037"/>
  <testcase name="ValorVendidoTeste2" classname="CorretorTeste" time="0.001"/>
  <testcase name="ValorVendidoTeste3" classname="CorretorTeste" time="0.002"/>
  <testcase name="dataContratacaoTest" classname="CorretorTeste" time="0.018"/>
  <testcase name="RelatorioTeste" classname="CorretorTeste" time="0.037">
    <failure message="expected: &lt;&gt; but was: &lt;[Corretor{Nome: Fulano, Data de Contratação: 2023-04-22, Salário: 2000.0, Vendas Do Mês: 100000.0, Comissão: 12000.0}, Corretor{Nome: Beltrano, Data de Contratação: 1999-03-30, Salário: 5000.0, Vendas Do Mês: 45400.0, Comissão: 4313.0}, Corretor{Nome: Ciclano, Data de Contratação: 2018-01-10, Salário: 6000.0, Vendas Do Mês: 15000.0, Comissão: 1050.0}] Total de Vendas: 160400.0&gt;" type="org.opentest4j.AssertionFailedError"><![CDATA[org.opentest4j.AssertionFailedError: expected: <> but was: <[Corretor{Nome: Fulano, Data de Contratação: 2023-04-22, Salário: 2000.0, Vendas Do Mês: 100000.0, Comissão: 12000.0}, Corretor{Nome: Beltrano, Data de Contratação: 1999-03-30, Salário: 5000.0, Vendas Do Mês: 45400.0, Comissão: 4313.0}, Corretor{Nome: Ciclano, Data de Contratação: 2018-01-10, Salário: 6000.0, Vendas Do Mês: 15000.0, Comissão: 1050.0}] Total de Vendas: 160400.0>
	at CorretorTeste.RelatorioTeste(CorretorTeste.java:124)
]]></failure>
  </testcase>
  <testcase name="dataContratacaoTest2" classname="CorretorTeste" time="0.001"/>
  <testcase name="SalarioTeste" classname="CorretorTeste" time="0.002">
    <error message="O salário não dever ser menor que 1000!" type="java.lang.IllegalArgumentException">java.lang.IllegalArgumentException: O salário não dever ser menor que 1000!
	at CorretorTeste.SalarioTeste(CorretorTeste.java:45)
</error>
  </testcase>
  <testcase name="ValorVendidoTeste" classname="CorretorTeste" time="0.002">
    <error message="O valor da venda não pode ser negativo!" type="java.lang.IllegalArgumentException">java.lang.IllegalArgumentException: O valor da venda não pode ser negativo!
	at CorretorTeste.ValorVendidoTeste(CorretorTeste.java:57)
</error>
  </testcase>
  <testcase name="ComissaoTeste2" classname="CorretorTeste" time="0.001"/>
  <testcase name="ComissaoTeste3" classname="CorretorTeste" time="0"/>
  <testcase name="NomeTeste2" classname="CorretorTeste" time="0.001"/>
  <testcase name="ComissaoTeste" classname="CorretorTeste" time="0.002">
    <failure message="expected: &lt;80.0&gt; but was: &lt;70.0&gt;" type="org.opentest4j.AssertionFailedError"><![CDATA[org.opentest4j.AssertionFailedError: expected: <80.0> but was: <70.0>
	at CorretorTeste.ComissaoTeste(CorretorTeste.java:80)
]]></failure>
  </testcase>
  <testcase name="NomeTeste" classname="CorretorTeste" time="0.001">
    <error message="O nome deve ter 3 ou mais letras!" type="java.lang.IllegalArgumentException">java.lang.IllegalArgumentException: O nome deve ter 3 ou mais letras!
	at CorretorTeste.NomeTeste(CorretorTeste.java:19)
</error>
  </testcase>
</testsuite>