-------------------------------------------------------------------------------
Test set: UnidadeUmTeste
-------------------------------------------------------------------------------
Tests run: 1, Failures: 1, Errors: 0, Skipped: 0, Time elapsed: 0.069 s <<< FAILURE! - in UnidadeUmTeste
testNome  Time elapsed: 0.033 s  <<< FAILURE!
org.opentest4j.AssertionFailedError: expected: <true> but was: <false>
	at UnidadeUmTeste.testNome(UnidadeUmTeste.java:50)

